<html>
<head>
<title>TestNG:  login</title>
<link href="../testng.css" rel="stylesheet" type="text/css" />
<link href="../my-testng.css" rel="stylesheet" type="text/css" />

<style type="text/css">
.log { display: none;} 
.stack-trace { display: none;} 
</style>
<script type="text/javascript">
<!--
function flip(e) {
  current = e.style.display;
  if (current == 'block') {
    e.style.display = 'none';
    return 0;
  }
  else {
    e.style.display = 'block';
    return 1;
  }
}

function toggleBox(szDivId, elem, msg1, msg2)
{
  var res = -1;  if (document.getElementById) {
    res = flip(document.getElementById(szDivId));
  }
  else if (document.all) {
    // this is the way old msie versions work
    res = flip(document.all[szDivId]);
  }
  if(elem) {
    if(res == 0) elem.innerHTML = msg1; else elem.innerHTML = msg2;
  }

}

function toggleAllBoxes() {
  if (document.getElementsByTagName) {
    d = document.getElementsByTagName('div');
    for (i = 0; i < d.length; i++) {
      if (d[i].className == 'log') {
        flip(d[i]);
      }
    }
  }
}

// -->
</script>

</head>
<body>
<h2 align='center'>login</h2><table border='1' align="center">
<tr>
<td>Tests passed/Failed/Skipped:</td><td>2/0/2</td>
</tr><tr>
<td>Started on:</td><td>Sat Mar 23 11:18:07 CST 2019</td>
</tr>
<tr><td>Total time:</td><td>53 seconds (53011 ms)</td>
</tr><tr>
<td>Included groups:</td><td></td>
</tr><tr>
<td>Excluded groups:</td><td></td>
</tr>
</table><p/>
<small><i>(Hover the method name to see the test class name)</i></small><p/>
<table width='100%' border='1' class='invocation-passed'>
<tr><td colspan='4' align='center'><b>PASSED TESTS</b></td></tr>
<tr><td><b>Test method</b></td>
<td width="30%"><b>Exception</b></td>
<td width="10%"><b>Time (seconds)</b></td>
<td><b>Instance</b></td>
</tr>
<tr>
<td title='web.ui.NewTest.FirefoxTest()'><b>FirefoxTest</b><br>Test class: web.ui.NewTest<br/>
<a href="#Output-1701693334" onClick='toggleBox("Output-1701693334", this, "Show output", "Hide output");'>Show output</a>

<a href="#Output-1701693334" onClick="toggleAllBoxes();">Show all outputs</a>
<div class='log' id="Output-1701693334">
<span style="color:#16A05D"><b>[2019-03-23 11:18:48] [INFO] pageName:baidu type:Google</b></span><br /><br/>
<span style="color:#16A05D"><b>[2019-03-23 11:18:59] [INFO] 浏览器最大化</b></span><br /><br/>
<span style="color:#16A05D"><b>[2019-03-23 11:18:59] [INFO] 打开【https://www.baidu.com】页面</b></span><br /><br/>
<span style="color:#16A05D"><b>[2019-03-23 11:18:59] [INFO] 定位:"搜索" 元素成功</b></span><br /><br/>
<span style="color:#16A05D"><b>[2019-03-23 11:18:59] [INFO] 在:"搜索" 文本框中输入git成功</b></span><br /><br/>
<span style="color:#16A05D"><b>[2019-03-23 11:18:59] [INFO] 定位:"百度一下" 元素成功</b></span><br /><br/>
<span style="color:#16A05D"><b>[2019-03-23 11:19:00] [INFO] 点击:"百度一下" 按钮成功</b></span><br /><br/>
<span style="color:#16A05D"><b>[2019-03-23 11:19:00] [INFO] login：失败截图成功</b></span><br /><br/>
<span style="color:#16A05D"><b>[2019-03-23 11:19:00] [INFO] 失败截图保存的路径:E:\myjava\subor\截图\web\Google\login失败截图20190323_111900.jpg</b></span><br /><br/>
<a target='_blank' href="file:E:\myjava\subor\截图\web\Google\login失败截图20190323_111900.jpg"><br/>
<img width="350" src="file:E:\myjava\subor\截图\web\Google\login失败截图20190323_111900.jpg" />    截图：C:\Users\ADMINI~1\AppData\Local\Temp\screenshot2871492654543483427.png<br/>
</a><br /><br/>
</div>
</td>
<td></td>
<td>16</td>
<td>web.ui.NewTest@38c6f217</td></tr>
<tr>
<td title='web.ui.NewTest.GoogleTest()'><b>GoogleTest</b><br>Test class: web.ui.NewTest<br/>
<a href="#Output-1147509183" onClick='toggleBox("Output-1147509183", this, "Show output", "Hide output");'>Show output</a>

<a href="#Output-1147509183" onClick="toggleAllBoxes();">Show all outputs</a>
<div class='log' id="Output-1147509183">
<span style="color:#16A05D"><b>[2019-03-23 11:18:50] [INFO] pageName:baidu type:Firefox</b></span><br /><br/>
<span style="color:#16A05D"><b>[2019-03-23 11:18:53] [INFO] 浏览器最大化</b></span><br /><br/>
<span style="color:#16A05D"><b>[2019-03-23 11:18:53] [INFO] 打开【https://wwww.baidu.com】页面</b></span><br /><br/>
<span style="color:#16A05D"><b>[2019-03-23 11:18:53] [INFO] 定位:"搜索" 元素成功</b></span><br /><br/>
<span style="color:#16A05D"><b>[2019-03-23 11:18:53] [INFO] 在:"搜索" 文本框中输入git成功</b></span><br /><br/>
<span style="color:#16A05D"><b>[2019-03-23 11:18:53] [INFO] 定位:"百度一下" 元素成功</b></span><br /><br/>
<span style="color:#16A05D"><b>[2019-03-23 11:18:54] [INFO] 点击:"百度一下" 按钮成功</b></span><br /><br/>
<span style="color:#16A05D"><b>[2019-03-23 11:18:54] [INFO] login2：失败截图成功</b></span><br /><br/>
<span style="color:#16A05D"><b>[2019-03-23 11:18:54] [INFO] 失败截图保存的路径:E:\myjava\subor\截图\web\Firefox\login2失败截图20190323_111854.jpg</b></span><br /><br/>
<a target='_blank' href="file:E:\myjava\subor\截图\web\Firefox\login2失败截图20190323_111854.jpg"><br/>
<img width="350" src="file:E:\myjava\subor\截图\web\Firefox\login2失败截图20190323_111854.jpg" />    截图：C:\Users\ADMINI~1\AppData\Local\Temp\screenshot2185351812712464689.png<br/>
</a><br /><br/>
</div>
</td>
<td></td>
<td>12</td>
<td>web.ui.NewTest@38c6f217</td></tr>
</table><p>
<table width='100%' border='1' class='invocation-skipped'>
<tr><td colspan='4' align='center'><b>SKIPPED TESTS</b></td></tr>
<tr><td><b>Test method</b></td>
<td width="30%"><b>Exception</b></td>
<td width="10%"><b>Time (seconds)</b></td>
<td><b>Instance</b></td>
</tr>
<tr>
<td title='web.ui.NewTest.FirefoxTest()'><b>FirefoxTest</b><br>Test class: web.ui.NewTest<br/>
<a href="#Output-1087401858" onClick='toggleBox("Output-1087401858", this, "Show output", "Hide output");'>Show output</a>

<a href="#Output-1087401858" onClick="toggleAllBoxes();">Show all outputs</a>
<div class='log' id="Output-1087401858">
<span style="color:#16A05D"><b>[2019-03-23 11:18:27] [INFO] pageName:baidu type:Google</b></span><br /><br/>
<span style="color:#16A05D"><b>[2019-03-23 11:18:35] [INFO] 浏览器最大化</b></span><br /><br/>
<span style="color:#16A05D"><b>[2019-03-23 11:18:35] [INFO] 打开【https://www.baidu.com】页面</b></span><br /><br/>
<span style="color:#16A05D"><b>[2019-03-23 11:18:37] [INFO] 定位:"搜索" 元素成功</b></span><br /><br/>
<span style="color:#16A05D"><b>[2019-03-23 11:18:38] [INFO] 在:"搜索" 文本框中输入git成功</b></span><br /><br/>
<span style="color:#FF0000"><b>[2019-03-23 11:18:38] [ERROR] 定位:百度一下 元素失败</b></span><br /><br/>
<span style="color:#FF0000"><b>[2019-03-23 11:18:39] [ERROR] 定位:百度一下 元素失败</b></span><br /><br/>
<span style="color:#FF0000"><b>[2019-03-23 11:18:39] [ERROR] 定位:百度一下 元素失败</b></span><br /><br/>
<span style="color:#FF0000"><b>[2019-03-23 11:18:40] [ERROR] 定位:百度一下 元素失败</b></span><br /><br/>
<span style="color:#FF0000"><b>[2019-03-23 11:18:40] [ERROR] 定位:百度一下 元素失败</b></span><br /><br/>
<span style="color:#FF0000"><b>[2019-03-23 11:18:41] [ERROR] 定位:百度一下 元素失败</b></span><br /><br/>
<span style="color:#FF0000"><b>[2019-03-23 11:18:41] [ERROR] 定位:百度一下 元素失败</b></span><br /><br/>
<span style="color:#FF0000"><b>[2019-03-23 11:18:42] [ERROR] 定位:百度一下 元素失败</b></span><br /><br/>
<span style="color:#FF0000"><b>[2019-03-23 11:18:42] [ERROR] 定位:百度一下 元素失败</b></span><br /><br/>
<span style="color:#FF0000"><b>[2019-03-23 11:18:43] [ERROR] 定位:百度一下 元素失败</b></span><br /><br/>
<span style="color:#FF0000"><b>[2019-03-23 11:18:43] [ERROR] 定位:百度一下 元素失败</b></span><br /><br/>
<span style="color:#FF0000"><b>[2019-03-23 11:18:43] [ERROR] 点击:"百度一下" 按钮失败</b></span><br /><br/>
<span style="color:#FF0000"><b>[2019-03-23 11:18:43] [ERROR]  Method FirefoxTest Execution failed, retry1Times</b></span><br /><br/>
</div>
</td>
<td><div><pre>org.openqa.selenium.NoSuchWindowException: no such window: target window already closed
from unknown error: web view not found
  (Session info: chrome=70.0.3538.110)
  (Driver info: chromedriver=2.40.565498 (ea082db3280dd6843ebfb08a625e3eb905c4f5ab),platform=Windows NT 6.1.7601 SP1 x86_64) (WARNING: The server did not provide any stacktrace information)
Command duration or timeout: 0 milliseconds
Build info: version: &apos;3.141.59&apos;, revision: &apos;e82be7d358&apos;, time: &apos;2018-11-14T08:17:03&apos;
System info: host: &apos;CN-20190213OQNU&apos;, ip: &apos;192.168.0.100&apos;, os.name: &apos;Windows 7&apos;, os.arch: &apos;amd64&apos;, os.version: &apos;6.1&apos;, java.version: &apos;1.8.0_201&apos;
Driver info: org.openqa.selenium.chrome.ChromeDriver
Capabilities {acceptInsecureCerts: false, acceptSslCerts: false, applicationCacheEnabled: false, browserConnectionEnabled: false, browserName: chrome, chrome: {chromedriverVersion: 2.40.565498 (ea082db3280dd6..., userDataDir: C:\Users\ADMINI~1\AppData\L...}, cssSelectorsEnabled: true, databaseEnabled: false, handlesAlerts: true, hasTouchScreen: false, javascriptEnabled: true, locationContextEnabled: true, mobileEmulationEnabled: false, nativeEvents: true, networkConnectionEnabled: false, pageLoadStrategy: normal, platform: XP, platformName: XP, rotatable: false, setWindowRect: true, takesHeapSnapshot: true, takesScreenshot: true, unexpectedAlertBehaviour: , unhandledPromptBehavior: , version: 70.0.3538.110, webStorageEnabled: true}
Session ID: b3faddcc46386c4b40c13aedeca6bd13
	at sun.reflect.NativeConstructorAccessorImpl.newInstance0(Native Method)
	at sun.reflect.NativeConstructorAccessorImpl.newInstance(NativeConstructorAccessorImpl.java:62)
	at sun.reflect.DelegatingConstructorAccessorImpl.newInstance(DelegatingConstructorAccessorImpl.java:45)
	at java.lang.reflect.Constructor.newInstance(Constructor.java:423)
	at org.openqa.selenium.remote.ErrorHandler.createThrowable(ErrorHandler.java:214)
	at org.openqa.selenium.remote.ErrorHandler.throwIfResponseFailed(ErrorHandler.java:166)
	at org.openqa.selenium.remote.http.JsonHttpResponseCodec.reconstructValue(JsonHttpResponseCodec.java:40)
	at org.openqa.selenium.remote.http.AbstractHttpResponseCodec.decode(AbstractHttpResponseCodec.java:80)
	at org.openqa.selenium.remote.http.AbstractHttpResponseCodec.decode(AbstractHttpResponseCodec.java:44)
	at org.openqa.selenium.remote.HttpCommandExecutor.execute(HttpCommandExecutor.java:158)
	at org.openqa.selenium.remote.service.DriverCommandExecutor.execute(DriverCommandExecutor.java:83)
	at org.openqa.selenium.remote.RemoteWebDriver.execute(RemoteWebDriver.java:552)
	at org.openqa.selenium.remote.RemoteWebDriver.execute(RemoteWebDriver.java:609)
	at org.openqa.selenium.remote.RemoteWebDriver.getScreenshotAs(RemoteWebDriver.java:295)
	at utils.PrtScr.takeScreenShot(PrtScr.java:24)
	at web.ui.action.actionset(action.java:62)
	at web.ui.NewTest.FirefoxTest(NewTest.java:14)
	at sun.reflect.NativeMethodAccessorImpl.invoke0(Native Method)
	at sun.reflect.NativeMethodAccessorImpl.invoke(NativeMethodAccessorImpl.java:62)
	at sun.reflect.DelegatingMethodAccessorImpl.invoke(DelegatingMethodAccessorImpl.java:43)
	at java.lang.reflect.Method.invoke(Method.java:498)
	at org.testng.internal.MethodInvocationHelper.invokeMethod(MethodInvocationHelper.java:124)
	at org.testng.internal.Invoker.invokeMethod(Invoker.java:580)
	at org.testng.internal.Invoker.invokeTestMethod(Invoker.java:716)
	at org.testng.internal.Invoker.invokeTestMethods(Invoker.java:988)
	at org.testng.internal.TestMethodWorker.invokeTestMethods(TestMethodWorker.java:125)
	at org.testng.internal.TestMethodWorker.run(TestMethodWorker.java:109)
	at java.util.concurrent.ThreadPoolExecutor.runWorker(ThreadPoolExecutor.java:1149)
	at java.util.concurrent.ThreadPoolExecutor$Worker.run(ThreadPoolExecutor.java:624)
	at java.lang.Thread.run(Thread.java:748)
</pre></div><a href='#' onClick='toggleBox("stack-trace1087401858", this, "Click to show all stack frames", "Click to hide stack frames")'>Click to show all stack frames</a>
<div class='stack-trace' id='stack-trace1087401858'><pre>org.openqa.selenium.NoSuchWindowException: no such window: target window already closed
from unknown error: web view not found
  (Session info: chrome=70.0.3538.110)
  (Driver info: chromedriver=2.40.565498 (ea082db3280dd6843ebfb08a625e3eb905c4f5ab),platform=Windows NT 6.1.7601 SP1 x86_64) (WARNING: The server did not provide any stacktrace information)
Command duration or timeout: 0 milliseconds
Build info: version: &apos;3.141.59&apos;, revision: &apos;e82be7d358&apos;, time: &apos;2018-11-14T08:17:03&apos;
System info: host: &apos;CN-20190213OQNU&apos;, ip: &apos;192.168.0.100&apos;, os.name: &apos;Windows 7&apos;, os.arch: &apos;amd64&apos;, os.version: &apos;6.1&apos;, java.version: &apos;1.8.0_201&apos;
Driver info: org.openqa.selenium.chrome.ChromeDriver
Capabilities {acceptInsecureCerts: false, acceptSslCerts: false, applicationCacheEnabled: false, browserConnectionEnabled: false, browserName: chrome, chrome: {chromedriverVersion: 2.40.565498 (ea082db3280dd6..., userDataDir: C:\Users\ADMINI~1\AppData\L...}, cssSelectorsEnabled: true, databaseEnabled: false, handlesAlerts: true, hasTouchScreen: false, javascriptEnabled: true, locationContextEnabled: true, mobileEmulationEnabled: false, nativeEvents: true, networkConnectionEnabled: false, pageLoadStrategy: normal, platform: XP, platformName: XP, rotatable: false, setWindowRect: true, takesHeapSnapshot: true, takesScreenshot: true, unexpectedAlertBehaviour: , unhandledPromptBehavior: , version: 70.0.3538.110, webStorageEnabled: true}
Session ID: b3faddcc46386c4b40c13aedeca6bd13
	at sun.reflect.NativeConstructorAccessorImpl.newInstance0(Native Method)
	at sun.reflect.NativeConstructorAccessorImpl.newInstance(NativeConstructorAccessorImpl.java:62)
	at sun.reflect.DelegatingConstructorAccessorImpl.newInstance(DelegatingConstructorAccessorImpl.java:45)
	at java.lang.reflect.Constructor.newInstance(Constructor.java:423)
	at org.openqa.selenium.remote.ErrorHandler.createThrowable(ErrorHandler.java:214)
	at org.openqa.selenium.remote.ErrorHandler.throwIfResponseFailed(ErrorHandler.java:166)
	at org.openqa.selenium.remote.http.JsonHttpResponseCodec.reconstructValue(JsonHttpResponseCodec.java:40)
	at org.openqa.selenium.remote.http.AbstractHttpResponseCodec.decode(AbstractHttpResponseCodec.java:80)
	at org.openqa.selenium.remote.http.AbstractHttpResponseCodec.decode(AbstractHttpResponseCodec.java:44)
	at org.openqa.selenium.remote.HttpCommandExecutor.execute(HttpCommandExecutor.java:158)
	at org.openqa.selenium.remote.service.DriverCommandExecutor.execute(DriverCommandExecutor.java:83)
	at org.openqa.selenium.remote.RemoteWebDriver.execute(RemoteWebDriver.java:552)
	at org.openqa.selenium.remote.RemoteWebDriver.execute(RemoteWebDriver.java:609)
	at org.openqa.selenium.remote.RemoteWebDriver.getScreenshotAs(RemoteWebDriver.java:295)
	at utils.PrtScr.takeScreenShot(PrtScr.java:24)
	at web.ui.action.actionset(action.java:62)
	at web.ui.NewTest.FirefoxTest(NewTest.java:14)
	at sun.reflect.NativeMethodAccessorImpl.invoke0(Native Method)
	at sun.reflect.NativeMethodAccessorImpl.invoke(NativeMethodAccessorImpl.java:62)
	at sun.reflect.DelegatingMethodAccessorImpl.invoke(DelegatingMethodAccessorImpl.java:43)
	at java.lang.reflect.Method.invoke(Method.java:498)
	at org.testng.internal.MethodInvocationHelper.invokeMethod(MethodInvocationHelper.java:124)
	at org.testng.internal.Invoker.invokeMethod(Invoker.java:580)
	at org.testng.internal.Invoker.invokeTestMethod(Invoker.java:716)
	at org.testng.internal.Invoker.invokeTestMethods(Invoker.java:988)
	at org.testng.internal.TestMethodWorker.invokeTestMethods(TestMethodWorker.java:125)
	at org.testng.internal.TestMethodWorker.run(TestMethodWorker.java:109)
	at java.util.concurrent.ThreadPoolExecutor.runWorker(ThreadPoolExecutor.java:1149)
	at java.util.concurrent.ThreadPoolExecutor$Worker.run(ThreadPoolExecutor.java:624)
	at java.lang.Thread.run(Thread.java:748)
</pre></div></td>
<td>36</td>
<td>web.ui.NewTest@38c6f217</td></tr>
<tr>
<td title='web.ui.NewTest.GoogleTest()'><b>GoogleTest</b><br>Test class: web.ui.NewTest<br/>
<a href="#Output-1937856165" onClick='toggleBox("Output-1937856165", this, "Show output", "Hide output");'>Show output</a>

<a href="#Output-1937856165" onClick="toggleAllBoxes();">Show all outputs</a>
<div class='log' id="Output-1937856165">
<span style="color:#16A05D"><b>[2019-03-23 11:18:40] [INFO] pageName:baidu type:Firefox</b></span><br /><br/>
<span style="color:#FF0000"><b>[2019-03-23 11:18:41] [ERROR]  Method GoogleTest Execution failed, retry1Times</b></span><br /><br/>
</div>
</td>
<td><div><pre>org.openqa.selenium.NoSuchWindowException: Browsing context has been discarded
Build info: version: &apos;3.141.59&apos;, revision: &apos;e82be7d358&apos;, time: &apos;2018-11-14T08:17:03&apos;
System info: host: &apos;CN-20190213OQNU&apos;, ip: &apos;192.168.0.100&apos;, os.name: &apos;Windows 7&apos;, os.arch: &apos;amd64&apos;, os.version: &apos;6.1&apos;, java.version: &apos;1.8.0_201&apos;
Driver info: org.openqa.selenium.firefox.FirefoxDriver
Capabilities {acceptInsecureCerts: true, browserName: firefox, browserVersion: 65.0.2, javascriptEnabled: true, moz:accessibilityChecks: false, moz:geckodriverVersion: 0.23.0, moz:headless: false, moz:processID: 3660, moz:profile: C:\Users\Administrator\AppD..., moz:shutdownTimeout: 60000, moz:useNonSpecCompliantPointerOrigin: false, moz:webdriverClick: true, pageLoadStrategy: normal, platform: WINDOWS, platformName: WINDOWS, platformVersion: 6.1, rotatable: false, setWindowRect: true, strictFileInteractability: false, timeouts: {implicit: 0, pageLoad: 300000, script: 30000}, unhandledPromptBehavior: dismiss and notify}
Session ID: 96d7ec25-2e79-4320-9bbd-0d22a135c90a
	at sun.reflect.NativeConstructorAccessorImpl.newInstance0(Native Method)
	at sun.reflect.NativeConstructorAccessorImpl.newInstance(NativeConstructorAccessorImpl.java:62)
	at sun.reflect.DelegatingConstructorAccessorImpl.newInstance(DelegatingConstructorAccessorImpl.java:45)
	at java.lang.reflect.Constructor.newInstance(Constructor.java:423)
	at org.openqa.selenium.remote.http.W3CHttpResponseCodec.createException(W3CHttpResponseCodec.java:187)
	at org.openqa.selenium.remote.http.W3CHttpResponseCodec.decode(W3CHttpResponseCodec.java:122)
	at org.openqa.selenium.remote.http.W3CHttpResponseCodec.decode(W3CHttpResponseCodec.java:49)
	at org.openqa.selenium.remote.HttpCommandExecutor.execute(HttpCommandExecutor.java:158)
	at org.openqa.selenium.remote.service.DriverCommandExecutor.execute(DriverCommandExecutor.java:83)
	at org.openqa.selenium.remote.RemoteWebDriver.execute(RemoteWebDriver.java:552)
	at org.openqa.selenium.remote.RemoteWebDriver.execute(RemoteWebDriver.java:609)
	at org.openqa.selenium.remote.RemoteWebDriver$RemoteWebDriverOptions$RemoteWindow.maximize(RemoteWebDriver.java:837)
	at web.ui.BasePage.max(BasePage.java:158)
	at web.ui.BasePage.activate(BasePage.java:87)
	at web.ui.action.actionset(action.java:37)
	at web.ui.NewTest.GoogleTest(NewTest.java:19)
	at sun.reflect.NativeMethodAccessorImpl.invoke0(Native Method)
	at sun.reflect.NativeMethodAccessorImpl.invoke(NativeMethodAccessorImpl.java:62)
	at sun.reflect.DelegatingMethodAccessorImpl.invoke(DelegatingMethodAccessorImpl.java:43)
	at java.lang.reflect.Method.invoke(Method.java:498)
	at org.testng.internal.MethodInvocationHelper.invokeMethod(MethodInvocationHelper.java:124)
	at org.testng.internal.Invoker.invokeMethod(Invoker.java:580)
	at org.testng.internal.Invoker.invokeTestMethod(Invoker.java:716)
	at org.testng.internal.Invoker.invokeTestMethods(Invoker.java:988)
	at org.testng.internal.TestMethodWorker.invokeTestMethods(TestMethodWorker.java:125)
	at org.testng.internal.TestMethodWorker.run(TestMethodWorker.java:109)
	at java.util.concurrent.ThreadPoolExecutor.runWorker(ThreadPoolExecutor.java:1149)
	at java.util.concurrent.ThreadPoolExecutor$Worker.run(ThreadPoolExecutor.java:624)
	at java.lang.Thread.run(Thread.java:748)
</pre></div><a href='#' onClick='toggleBox("stack-trace1937856165", this, "Click to show all stack frames", "Click to hide stack frames")'>Click to show all stack frames</a>
<div class='stack-trace' id='stack-trace1937856165'><pre>org.openqa.selenium.NoSuchWindowException: Browsing context has been discarded
Build info: version: &apos;3.141.59&apos;, revision: &apos;e82be7d358&apos;, time: &apos;2018-11-14T08:17:03&apos;
System info: host: &apos;CN-20190213OQNU&apos;, ip: &apos;192.168.0.100&apos;, os.name: &apos;Windows 7&apos;, os.arch: &apos;amd64&apos;, os.version: &apos;6.1&apos;, java.version: &apos;1.8.0_201&apos;
Driver info: org.openqa.selenium.firefox.FirefoxDriver
Capabilities {acceptInsecureCerts: true, browserName: firefox, browserVersion: 65.0.2, javascriptEnabled: true, moz:accessibilityChecks: false, moz:geckodriverVersion: 0.23.0, moz:headless: false, moz:processID: 3660, moz:profile: C:\Users\Administrator\AppD..., moz:shutdownTimeout: 60000, moz:useNonSpecCompliantPointerOrigin: false, moz:webdriverClick: true, pageLoadStrategy: normal, platform: WINDOWS, platformName: WINDOWS, platformVersion: 6.1, rotatable: false, setWindowRect: true, strictFileInteractability: false, timeouts: {implicit: 0, pageLoad: 300000, script: 30000}, unhandledPromptBehavior: dismiss and notify}
Session ID: 96d7ec25-2e79-4320-9bbd-0d22a135c90a
	at sun.reflect.NativeConstructorAccessorImpl.newInstance0(Native Method)
	at sun.reflect.NativeConstructorAccessorImpl.newInstance(NativeConstructorAccessorImpl.java:62)
	at sun.reflect.DelegatingConstructorAccessorImpl.newInstance(DelegatingConstructorAccessorImpl.java:45)
	at java.lang.reflect.Constructor.newInstance(Constructor.java:423)
	at org.openqa.selenium.remote.http.W3CHttpResponseCodec.createException(W3CHttpResponseCodec.java:187)
	at org.openqa.selenium.remote.http.W3CHttpResponseCodec.decode(W3CHttpResponseCodec.java:122)
	at org.openqa.selenium.remote.http.W3CHttpResponseCodec.decode(W3CHttpResponseCodec.java:49)
	at org.openqa.selenium.remote.HttpCommandExecutor.execute(HttpCommandExecutor.java:158)
	at org.openqa.selenium.remote.service.DriverCommandExecutor.execute(DriverCommandExecutor.java:83)
	at org.openqa.selenium.remote.RemoteWebDriver.execute(RemoteWebDriver.java:552)
	at org.openqa.selenium.remote.RemoteWebDriver.execute(RemoteWebDriver.java:609)
	at org.openqa.selenium.remote.RemoteWebDriver$RemoteWebDriverOptions$RemoteWindow.maximize(RemoteWebDriver.java:837)
	at web.ui.BasePage.max(BasePage.java:158)
	at web.ui.BasePage.activate(BasePage.java:87)
	at web.ui.action.actionset(action.java:37)
	at web.ui.NewTest.GoogleTest(NewTest.java:19)
	at sun.reflect.NativeMethodAccessorImpl.invoke0(Native Method)
	at sun.reflect.NativeMethodAccessorImpl.invoke(NativeMethodAccessorImpl.java:62)
	at sun.reflect.DelegatingMethodAccessorImpl.invoke(DelegatingMethodAccessorImpl.java:43)
	at java.lang.reflect.Method.invoke(Method.java:498)
	at org.testng.internal.MethodInvocationHelper.invokeMethod(MethodInvocationHelper.java:124)
	at org.testng.internal.Invoker.invokeMethod(Invoker.java:580)
	at org.testng.internal.Invoker.invokeTestMethod(Invoker.java:716)
	at org.testng.internal.Invoker.invokeTestMethods(Invoker.java:988)
	at org.testng.internal.TestMethodWorker.invokeTestMethods(TestMethodWorker.java:125)
	at org.testng.internal.TestMethodWorker.run(TestMethodWorker.java:109)
	at java.util.concurrent.ThreadPoolExecutor.runWorker(ThreadPoolExecutor.java:1149)
	at java.util.concurrent.ThreadPoolExecutor$Worker.run(ThreadPoolExecutor.java:624)
	at java.lang.Thread.run(Thread.java:748)
</pre></div></td>
<td>33</td>
<td>web.ui.NewTest@38c6f217</td></tr>
</table><p>
</body>
</html>