<!DOCTYPE html PUBLIC "-//W3C//DTD XHTML 1.1//EN" "http://www.w3.org/TR/xhtml11/DTD/xhtml11.dtd">
<html xmlns="http://www.w3.org/1999/xhtml">
<head>
<meta http-equiv="content-type" content="text/html; charset=UTF-8"/>
<title>TestNG Report</title>
<style type="text/css">table {margin-bottom:10px;border-collapse:collapse;empty-cells:show}th,td {border:1px solid #009;padding:.25em .5em}th {vertical-align:bottom}td {vertical-align:top}table a {font-weight:bold}.stripe td {background-color: #E6EBF9}.num {text-align:right}.passedodd td {background-color: #3F3}.passedeven td {background-color: #0A0}.skippedodd td {background-color: #DDD}.skippedeven td {background-color: #CCC}.failedodd td,.attn {background-color: #F33}.failedeven td,.stripe .attn {background-color: #D00}.stacktrace {white-space:pre;font-family:monospace}.totop {font-size:85%;text-align:center;border-bottom:2px solid #000}.invisible {display:none}</style>
</head>
<body>
<table>
<tr><th>Test</th><th># Passed</th><th># Skipped</th><th># Failed</th><th>Time (ms)</th><th>Included Groups</th><th>Excluded Groups</th></tr>
<tr><th colspan="7">rbctests</th></tr>
<tr><td><a href="#t0">login</a></td><td class="num">2</td><td class="num attn">2</td><td class="num">0</td><td class="num">53,011</td><td></td><td></td></tr>
</table>
<table id='summary'><thead><tr><th>Class</th><th>Method</th><th>Start</th><th>Time (ms)</th></tr></thead><tbody><tr><th colspan="4">rbctests</th></tr></tbody><tbody id="t0"><tr><th colspan="4">login &#8212; skipped</th></tr><tr class="skippedeven"><td rowspan="2">web.ui.NewTest</td><td><a href="#m0">FirefoxTest</a></td><td rowspan="1">1553311087632</td><td rowspan="1">36206</td></tr><tr class="skippedeven"><td><a href="#m1">GoogleTest</a></td><td rowspan="1">1553311087632</td><td rowspan="1">33719</td></tr><tr><th colspan="4">login &#8212; passed</th></tr><tr class="passedeven"><td rowspan="2">web.ui.NewTest</td><td><a href="#m2">FirefoxTest</a></td><td rowspan="1">1553311123851</td><td rowspan="1">16687</td></tr><tr class="passedeven"><td><a href="#m3">GoogleTest</a></td><td rowspan="1">1553311121378</td><td rowspan="1">12769</td></tr></tbody>
</table>
<h2>login</h2><h3 id="m0">web.ui.NewTest#FirefoxTest</h3><table class="result"><tr><th>Messages</th></tr><tr><td><div class="messages"><span style="color:#16A05D"><b>[2019-03-23 11:18:27] [INFO] pageName:baidu type:Google</b></span><br /><br/><span style="color:#16A05D"><b>[2019-03-23 11:18:35] [INFO] 浏览器最大化</b></span><br /><br/><span style="color:#16A05D"><b>[2019-03-23 11:18:35] [INFO] 打开【https://www.baidu.com】页面</b></span><br /><br/><span style="color:#16A05D"><b>[2019-03-23 11:18:37] [INFO] 定位:"搜索" 元素成功</b></span><br /><br/><span style="color:#16A05D"><b>[2019-03-23 11:18:38] [INFO] 在:"搜索" 文本框中输入git成功</b></span><br /><br/><span style="color:#FF0000"><b>[2019-03-23 11:18:38] [ERROR] 定位:百度一下 元素失败</b></span><br /><br/><span style="color:#FF0000"><b>[2019-03-23 11:18:39] [ERROR] 定位:百度一下 元素失败</b></span><br /><br/><span style="color:#FF0000"><b>[2019-03-23 11:18:39] [ERROR] 定位:百度一下 元素失败</b></span><br /><br/><span style="color:#FF0000"><b>[2019-03-23 11:18:40] [ERROR] 定位:百度一下 元素失败</b></span><br /><br/><span style="color:#FF0000"><b>[2019-03-23 11:18:40] [ERROR] 定位:百度一下 元素失败</b></span><br /><br/><span style="color:#FF0000"><b>[2019-03-23 11:18:41] [ERROR] 定位:百度一下 元素失败</b></span><br /><br/><span style="color:#FF0000"><b>[2019-03-23 11:18:41] [ERROR] 定位:百度一下 元素失败</b></span><br /><br/><span style="color:#FF0000"><b>[2019-03-23 11:18:42] [ERROR] 定位:百度一下 元素失败</b></span><br /><br/><span style="color:#FF0000"><b>[2019-03-23 11:18:42] [ERROR] 定位:百度一下 元素失败</b></span><br /><br/><span style="color:#FF0000"><b>[2019-03-23 11:18:43] [ERROR] 定位:百度一下 元素失败</b></span><br /><br/><span style="color:#FF0000"><b>[2019-03-23 11:18:43] [ERROR] 定位:百度一下 元素失败</b></span><br /><br/><span style="color:#FF0000"><b>[2019-03-23 11:18:43] [ERROR] 点击:"百度一下" 按钮失败</b></span><br /><br/><span style="color:#FF0000"><b>[2019-03-23 11:18:43] [ERROR]  Method FirefoxTest Execution failed, retry1Times</b></span><br /></div></td></tr><tr><th>Exception</th></tr><tr><td><div class="stacktrace">org.openqa.selenium.NoSuchWindowException: no such window: target window already closed
from unknown error: web view not found
  (Session info: chrome=70.0.3538.110)
  (Driver info: chromedriver=2.40.565498 (ea082db3280dd6843ebfb08a625e3eb905c4f5ab),platform=Windows NT 6.1.7601 SP1 x86_64) (WARNING: The server did not provide any stacktrace information)
Command duration or timeout: 0 milliseconds
Build info: version: &apos;3.141.59&apos;, revision: &apos;e82be7d358&apos;, time: &apos;2018-11-14T08:17:03&apos;
System info: host: &apos;CN-20190213OQNU&apos;, ip: &apos;192.168.0.100&apos;, os.name: &apos;Windows 7&apos;, os.arch: &apos;amd64&apos;, os.version: &apos;6.1&apos;, java.version: &apos;1.8.0_201&apos;
Driver info: org.openqa.selenium.chrome.ChromeDriver
Capabilities {acceptInsecureCerts: false, acceptSslCerts: false, applicationCacheEnabled: false, browserConnectionEnabled: false, browserName: chrome, chrome: {chromedriverVersion: 2.40.565498 (ea082db3280dd6..., userDataDir: C:\Users\ADMINI~1\AppData\L...}, cssSelectorsEnabled: true, databaseEnabled: false, handlesAlerts: true, hasTouchScreen: false, javascriptEnabled: true, locationContextEnabled: true, mobileEmulationEnabled: false, nativeEvents: true, networkConnectionEnabled: false, pageLoadStrategy: normal, platform: XP, platformName: XP, rotatable: false, setWindowRect: true, takesHeapSnapshot: true, takesScreenshot: true, unexpectedAlertBehaviour: , unhandledPromptBehavior: , version: 70.0.3538.110, webStorageEnabled: true}
Session ID: b3faddcc46386c4b40c13aedeca6bd13
	at sun.reflect.NativeConstructorAccessorImpl.newInstance0(Native Method)
	at sun.reflect.NativeConstructorAccessorImpl.newInstance(NativeConstructorAccessorImpl.java:62)
	at sun.reflect.DelegatingConstructorAccessorImpl.newInstance(DelegatingConstructorAccessorImpl.java:45)
	at java.lang.reflect.Constructor.newInstance(Constructor.java:423)
	at org.openqa.selenium.remote.ErrorHandler.createThrowable(ErrorHandler.java:214)
	at org.openqa.selenium.remote.ErrorHandler.throwIfResponseFailed(ErrorHandler.java:166)
	at org.openqa.selenium.remote.http.JsonHttpResponseCodec.reconstructValue(JsonHttpResponseCodec.java:40)
	at org.openqa.selenium.remote.http.AbstractHttpResponseCodec.decode(AbstractHttpResponseCodec.java:80)
	at org.openqa.selenium.remote.http.AbstractHttpResponseCodec.decode(AbstractHttpResponseCodec.java:44)
	at org.openqa.selenium.remote.HttpCommandExecutor.execute(HttpCommandExecutor.java:158)
	at org.openqa.selenium.remote.service.DriverCommandExecutor.execute(DriverCommandExecutor.java:83)
	at org.openqa.selenium.remote.RemoteWebDriver.execute(RemoteWebDriver.java:552)
	at org.openqa.selenium.remote.RemoteWebDriver.execute(RemoteWebDriver.java:609)
	at org.openqa.selenium.remote.RemoteWebDriver.getScreenshotAs(RemoteWebDriver.java:295)
	at utils.PrtScr.takeScreenShot(PrtScr.java:24)
	at web.ui.action.actionset(action.java:62)
	at web.ui.NewTest.FirefoxTest(NewTest.java:14)
	at sun.reflect.NativeMethodAccessorImpl.invoke0(Native Method)
	at sun.reflect.NativeMethodAccessorImpl.invoke(NativeMethodAccessorImpl.java:62)
	at sun.reflect.DelegatingMethodAccessorImpl.invoke(DelegatingMethodAccessorImpl.java:43)
	at java.lang.reflect.Method.invoke(Method.java:498)
	at org.testng.internal.MethodInvocationHelper.invokeMethod(MethodInvocationHelper.java:124)
	at org.testng.internal.Invoker.invokeMethod(Invoker.java:580)
	at org.testng.internal.Invoker.invokeTestMethod(Invoker.java:716)
	at org.testng.internal.Invoker.invokeTestMethods(Invoker.java:988)
	at org.testng.internal.TestMethodWorker.invokeTestMethods(TestMethodWorker.java:125)
	at org.testng.internal.TestMethodWorker.run(TestMethodWorker.java:109)
	at java.util.concurrent.ThreadPoolExecutor.runWorker(ThreadPoolExecutor.java:1149)
	at java.util.concurrent.ThreadPoolExecutor$Worker.run(ThreadPoolExecutor.java:624)
	at java.lang.Thread.run(Thread.java:748)
</div></td></tr></table><p class="totop"><a href="#summary">back to summary</a></p>
<h3 id="m1">web.ui.NewTest#GoogleTest</h3><table class="result"><tr><th>Messages</th></tr><tr><td><div class="messages"><span style="color:#16A05D"><b>[2019-03-23 11:18:40] [INFO] pageName:baidu type:Firefox</b></span><br /><br/><span style="color:#FF0000"><b>[2019-03-23 11:18:41] [ERROR]  Method GoogleTest Execution failed, retry1Times</b></span><br /></div></td></tr><tr><th>Exception</th></tr><tr><td><div class="stacktrace">org.openqa.selenium.NoSuchWindowException: Browsing context has been discarded
Build info: version: &apos;3.141.59&apos;, revision: &apos;e82be7d358&apos;, time: &apos;2018-11-14T08:17:03&apos;
System info: host: &apos;CN-20190213OQNU&apos;, ip: &apos;192.168.0.100&apos;, os.name: &apos;Windows 7&apos;, os.arch: &apos;amd64&apos;, os.version: &apos;6.1&apos;, java.version: &apos;1.8.0_201&apos;
Driver info: org.openqa.selenium.firefox.FirefoxDriver
Capabilities {acceptInsecureCerts: true, browserName: firefox, browserVersion: 65.0.2, javascriptEnabled: true, moz:accessibilityChecks: false, moz:geckodriverVersion: 0.23.0, moz:headless: false, moz:processID: 3660, moz:profile: C:\Users\Administrator\AppD..., moz:shutdownTimeout: 60000, moz:useNonSpecCompliantPointerOrigin: false, moz:webdriverClick: true, pageLoadStrategy: normal, platform: WINDOWS, platformName: WINDOWS, platformVersion: 6.1, rotatable: false, setWindowRect: true, strictFileInteractability: false, timeouts: {implicit: 0, pageLoad: 300000, script: 30000}, unhandledPromptBehavior: dismiss and notify}
Session ID: 96d7ec25-2e79-4320-9bbd-0d22a135c90a
	at sun.reflect.NativeConstructorAccessorImpl.newInstance0(Native Method)
	at sun.reflect.NativeConstructorAccessorImpl.newInstance(NativeConstructorAccessorImpl.java:62)
	at sun.reflect.DelegatingConstructorAccessorImpl.newInstance(DelegatingConstructorAccessorImpl.java:45)
	at java.lang.reflect.Constructor.newInstance(Constructor.java:423)
	at org.openqa.selenium.remote.http.W3CHttpResponseCodec.createException(W3CHttpResponseCodec.java:187)
	at org.openqa.selenium.remote.http.W3CHttpResponseCodec.decode(W3CHttpResponseCodec.java:122)
	at org.openqa.selenium.remote.http.W3CHttpResponseCodec.decode(W3CHttpResponseCodec.java:49)
	at org.openqa.selenium.remote.HttpCommandExecutor.execute(HttpCommandExecutor.java:158)
	at org.openqa.selenium.remote.service.DriverCommandExecutor.execute(DriverCommandExecutor.java:83)
	at org.openqa.selenium.remote.RemoteWebDriver.execute(RemoteWebDriver.java:552)
	at org.openqa.selenium.remote.RemoteWebDriver.execute(RemoteWebDriver.java:609)
	at org.openqa.selenium.remote.RemoteWebDriver$RemoteWebDriverOptions$RemoteWindow.maximize(RemoteWebDriver.java:837)
	at web.ui.BasePage.max(BasePage.java:158)
	at web.ui.BasePage.activate(BasePage.java:87)
	at web.ui.action.actionset(action.java:37)
	at web.ui.NewTest.GoogleTest(NewTest.java:19)
	at sun.reflect.NativeMethodAccessorImpl.invoke0(Native Method)
	at sun.reflect.NativeMethodAccessorImpl.invoke(NativeMethodAccessorImpl.java:62)
	at sun.reflect.DelegatingMethodAccessorImpl.invoke(DelegatingMethodAccessorImpl.java:43)
	at java.lang.reflect.Method.invoke(Method.java:498)
	at org.testng.internal.MethodInvocationHelper.invokeMethod(MethodInvocationHelper.java:124)
	at org.testng.internal.Invoker.invokeMethod(Invoker.java:580)
	at org.testng.internal.Invoker.invokeTestMethod(Invoker.java:716)
	at org.testng.internal.Invoker.invokeTestMethods(Invoker.java:988)
	at org.testng.internal.TestMethodWorker.invokeTestMethods(TestMethodWorker.java:125)
	at org.testng.internal.TestMethodWorker.run(TestMethodWorker.java:109)
	at java.util.concurrent.ThreadPoolExecutor.runWorker(ThreadPoolExecutor.java:1149)
	at java.util.concurrent.ThreadPoolExecutor$Worker.run(ThreadPoolExecutor.java:624)
	at java.lang.Thread.run(Thread.java:748)
</div></td></tr></table><p class="totop"><a href="#summary">back to summary</a></p>
<h3 id="m2">web.ui.NewTest#FirefoxTest</h3><table class="result"><tr><th>Messages</th></tr><tr><td><div class="messages"><span style="color:#16A05D"><b>[2019-03-23 11:18:48] [INFO] pageName:baidu type:Google</b></span><br /><br/><span style="color:#16A05D"><b>[2019-03-23 11:18:59] [INFO] 浏览器最大化</b></span><br /><br/><span style="color:#16A05D"><b>[2019-03-23 11:18:59] [INFO] 打开【https://www.baidu.com】页面</b></span><br /><br/><span style="color:#16A05D"><b>[2019-03-23 11:18:59] [INFO] 定位:"搜索" 元素成功</b></span><br /><br/><span style="color:#16A05D"><b>[2019-03-23 11:18:59] [INFO] 在:"搜索" 文本框中输入git成功</b></span><br /><br/><span style="color:#16A05D"><b>[2019-03-23 11:18:59] [INFO] 定位:"百度一下" 元素成功</b></span><br /><br/><span style="color:#16A05D"><b>[2019-03-23 11:19:00] [INFO] 点击:"百度一下" 按钮成功</b></span><br /><br/><span style="color:#16A05D"><b>[2019-03-23 11:19:00] [INFO] login：失败截图成功</b></span><br /><br/><span style="color:#16A05D"><b>[2019-03-23 11:19:00] [INFO] 失败截图保存的路径:E:\myjava\subor\截图\web\Google\login失败截图20190323_111900.jpg</b></span><br /><br/><a target='_blank' href="file:E:\myjava\subor\截图\web\Google\login失败截图20190323_111900.jpg"><br/><img width="350" src="file:E:\myjava\subor\截图\web\Google\login失败截图20190323_111900.jpg" />    截图：C:\Users\ADMINI~1\AppData\Local\Temp\screenshot2871492654543483427.png<br/></a><br /></div></td></tr></table><p class="totop"><a href="#summary">back to summary</a></p>
<h3 id="m3">web.ui.NewTest#GoogleTest</h3><table class="result"><tr><th>Messages</th></tr><tr><td><div class="messages"><span style="color:#16A05D"><b>[2019-03-23 11:18:50] [INFO] pageName:baidu type:Firefox</b></span><br /><br/><span style="color:#16A05D"><b>[2019-03-23 11:18:53] [INFO] 浏览器最大化</b></span><br /><br/><span style="color:#16A05D"><b>[2019-03-23 11:18:53] [INFO] 打开【https://wwww.baidu.com】页面</b></span><br /><br/><span style="color:#16A05D"><b>[2019-03-23 11:18:53] [INFO] 定位:"搜索" 元素成功</b></span><br /><br/><span style="color:#16A05D"><b>[2019-03-23 11:18:53] [INFO] 在:"搜索" 文本框中输入git成功</b></span><br /><br/><span style="color:#16A05D"><b>[2019-03-23 11:18:53] [INFO] 定位:"百度一下" 元素成功</b></span><br /><br/><span style="color:#16A05D"><b>[2019-03-23 11:18:54] [INFO] 点击:"百度一下" 按钮成功</b></span><br /><br/><span style="color:#16A05D"><b>[2019-03-23 11:18:54] [INFO] login2：失败截图成功</b></span><br /><br/><span style="color:#16A05D"><b>[2019-03-23 11:18:54] [INFO] 失败截图保存的路径:E:\myjava\subor\截图\web\Firefox\login2失败截图20190323_111854.jpg</b></span><br /><br/><a target='_blank' href="file:E:\myjava\subor\截图\web\Firefox\login2失败截图20190323_111854.jpg"><br/><img width="350" src="file:E:\myjava\subor\截图\web\Firefox\login2失败截图20190323_111854.jpg" />    截图：C:\Users\ADMINI~1\AppData\Local\Temp\screenshot2185351812712464689.png<br/></a><br /></div></td></tr></table><p class="totop"><a href="#summary">back to summary</a></p>
</body>
</html>
